[INFO ] 2023-02-16 15:22:42.793 :     c.f.e.w.WebhookApplication - Starting WebhookApplication using Java 11.0.17 on DESKTOP-OD4ITP8 with PID 15140 (C:\Users\forcs\IdeaProjects\Project\out\production\classes started by forcs in C:\Users\forcs\IdeaProjects\Project)
[INFO ] 2023-02-16 15:22:42.797 :     c.f.e.w.WebhookApplication - No active profile set, falling back to 1 default profile: "default"
[INFO ] 2023-02-16 15:22:43.006 : o.s.b.d.e.DevToolsPropertyDefaultsPostProcessor - Devtools property defaults active! Set 'spring.devtools.add-properties' to 'false' to disable
[INFO ] 2023-02-16 15:22:43.007 : o.s.b.d.e.DevToolsPropertyDefaultsPostProcessor - For additional web related logging consider setting the 'logging.level.web' property to 'DEBUG'
[INFO ] 2023-02-16 15:22:46.214 :    o.s.b.w.e.t.TomcatWebServer - Tomcat initialized with port(s): 8080 (http)
[INFO ] 2023-02-16 15:22:46.245 :      o.a.c.h.Http11NioProtocol - Initializing ProtocolHandler ["http-nio-8080"]
[INFO ] 2023-02-16 15:22:46.246 :        o.a.c.c.StandardService - Starting service [Tomcat]
[INFO ] 2023-02-16 15:22:46.246 :         o.a.c.c.StandardEngine - Starting Servlet engine: [Apache Tomcat/9.0.70]
[INFO ] 2023-02-16 15:22:46.900 :             o.a.j.s.TldScanner - At least one JAR was scanned for TLDs yet contained no TLDs. Enable debug logging for this logger for a complete list of JARs that were scanned but no TLDs were found in them. Skipping unneeded JARs during scanning can improve startup time and JSP compilation time.
[INFO ] 2023-02-16 15:22:46.933 :              o.a.c.c.C.[.[.[/] - Initializing Spring embedded WebApplicationContext
[INFO ] 2023-02-16 15:22:46.933 : o.s.b.w.s.c.ServletWebServerApplicationContext - Root WebApplicationContext: initialization completed in 3924 ms
[INFO ] 2023-02-16 15:22:47.650 : o.s.b.a.w.s.WelcomePageHandlerMapping - Adding welcome page: class path resource [static/index.html]
[INFO ] 2023-02-16 15:22:48.002 : o.s.b.d.a.OptionalLiveReloadServer - LiveReload server is running on port 35729
[INFO ] 2023-02-16 15:22:48.027 :      o.a.c.h.Http11NioProtocol - Starting ProtocolHandler ["http-nio-8080"]
[INFO ] 2023-02-16 15:22:48.099 :    o.s.b.w.e.t.TomcatWebServer - Tomcat started on port(s): 8080 (http) with context path ''
[INFO ] 2023-02-16 15:22:48.125 :     c.f.e.w.WebhookApplication - Started WebhookApplication in 6.817 seconds (JVM running for 8.147)
[INFO ] 2023-02-16 15:22:53.488 :              o.a.c.c.C.[.[.[/] - Initializing Spring DispatcherServlet 'dispatcherServlet'
[INFO ] 2023-02-16 15:22:53.489 :      o.s.w.s.DispatcherServlet - Initializing Servlet 'dispatcherServlet'
[INFO ] 2023-02-16 15:22:53.494 :      o.s.w.s.DispatcherServlet - Completed initialization in 2 ms
[INFO ] 2023-02-16 15:22:53.611 :                            log - (null) {"webhook_id":"8fa420db673544b8b473ab8638ae9a30","webhook_name":"Webhook Test","company_id":"4aad8fd516384656954e82f93de67a7b","event_type":"document","document":{"id":"test_doc_id","document_title":"test_document_title","template_id":"test_template_id","template_name":"test_template_name","workflow_seq":0,"template_version":"1","history_id":"test_document_history_id","status":"doc_create","editor_id":"dlwhsktm@gmail.com","updated_date":1676528573364}}
[INFO ] 2023-02-16 15:23:37.099 :     c.f.e.w.WebhookApplication - Starting WebhookApplication using Java 11.0.17 on DESKTOP-OD4ITP8 with PID 15392 (C:\Users\forcs\IdeaProjects\Project\out\production\classes started by forcs in C:\Users\forcs\IdeaProjects\Project)
[INFO ] 2023-02-16 15:23:37.102 :     c.f.e.w.WebhookApplication - No active profile set, falling back to 1 default profile: "default"
[INFO ] 2023-02-16 15:23:37.293 : o.s.b.d.e.DevToolsPropertyDefaultsPostProcessor - Devtools property defaults active! Set 'spring.devtools.add-properties' to 'false' to disable
[INFO ] 2023-02-16 15:23:37.297 : o.s.b.d.e.DevToolsPropertyDefaultsPostProcessor - For additional web related logging consider setting the 'logging.level.web' property to 'DEBUG'
[INFO ] 2023-02-16 15:23:40.824 :    o.s.b.w.e.t.TomcatWebServer - Tomcat initialized with port(s): 8080 (http)
[INFO ] 2023-02-16 15:23:40.854 :      o.a.c.h.Http11NioProtocol - Initializing ProtocolHandler ["http-nio-8080"]
[INFO ] 2023-02-16 15:23:40.855 :        o.a.c.c.StandardService - Starting service [Tomcat]
[INFO ] 2023-02-16 15:23:40.856 :         o.a.c.c.StandardEngine - Starting Servlet engine: [Apache Tomcat/9.0.70]
[INFO ] 2023-02-16 15:23:41.614 :             o.a.j.s.TldScanner - At least one JAR was scanned for TLDs yet contained no TLDs. Enable debug logging for this logger for a complete list of JARs that were scanned but no TLDs were found in them. Skipping unneeded JARs during scanning can improve startup time and JSP compilation time.
[INFO ] 2023-02-16 15:23:41.646 :              o.a.c.c.C.[.[.[/] - Initializing Spring embedded WebApplicationContext
[INFO ] 2023-02-16 15:23:41.647 : o.s.b.w.s.c.ServletWebServerApplicationContext - Root WebApplicationContext: initialization completed in 4349 ms
[INFO ] 2023-02-16 15:23:42.289 : o.s.b.a.w.s.WelcomePageHandlerMapping - Adding welcome page: class path resource [static/index.html]
[INFO ] 2023-02-16 15:23:42.650 : o.s.b.d.a.OptionalLiveReloadServer - LiveReload server is running on port 35729
[INFO ] 2023-02-16 15:23:42.681 :      o.a.c.h.Http11NioProtocol - Starting ProtocolHandler ["http-nio-8080"]
[INFO ] 2023-02-16 15:23:42.761 :    o.s.b.w.e.t.TomcatWebServer - Tomcat started on port(s): 8080 (http) with context path ''
[INFO ] 2023-02-16 15:23:42.786 :     c.f.e.w.WebhookApplication - Started WebhookApplication in 7.417 seconds (JVM running for 9.117)
[INFO ] 2023-02-16 15:23:50.412 :              o.a.c.c.C.[.[.[/] - Initializing Spring DispatcherServlet 'dispatcherServlet'
[INFO ] 2023-02-16 15:23:50.413 :      o.s.w.s.DispatcherServlet - Initializing Servlet 'dispatcherServlet'
[INFO ] 2023-02-16 15:23:50.418 :      o.s.w.s.DispatcherServlet - Completed initialization in 4 ms
[INFO ] 2023-02-16 15:23:50.565 :                            log - (3.34.255.127) {"webhook_id":"8fa420db673544b8b473ab8638ae9a30","webhook_name":"Webhook Test","company_id":"4aad8fd516384656954e82f93de67a7b","event_type":"document","document":{"id":"test_doc_id","document_title":"test_document_title","template_id":"test_template_id","template_name":"test_template_name","workflow_seq":0,"template_version":"1","history_id":"test_document_history_id","status":"doc_create","editor_id":"dlwhsktm@gmail.com","updated_date":1676528630412}}
[INFO ] 2023-02-16 15:24:45.127 :                            log - (15.165.115.166) {"webhook_id":"8fa420db673544b8b473ab8638ae9a30","webhook_name":"Webhook Test","company_id":"4aad8fd516384656954e82f93de67a7b","event_type":"document","document":{"id":"d41645185c974c8eb91cf682c99633c7","document_title":"Manchester City Contract","template_id":"3feda0b567e543b983295b6feabaaff7","template_name":"문서작성(시작-완료)","workflow_seq":1,"workflow_name":"시작","template_version":"1","history_id":"ef8579076a8943538f7093b2f3d8e8fd","status":"doc_create","editor_id":"dlwhsktm@gmail.com","outside_token":"","updated_date":1676528679918,"mass_job_request_id":"","comment":""}}
[INFO ] 2023-02-16 15:24:45.127 :                            log - (15.165.115.166) {"webhook_id":"8fa420db673544b8b473ab8638ae9a30","webhook_name":"Webhook Test","company_id":"4aad8fd516384656954e82f93de67a7b","event_type":"document","document":{"id":"d41645185c974c8eb91cf682c99633c7","document_title":"Manchester City Contract","template_id":"3feda0b567e543b983295b6feabaaff7","template_name":"문서작성(시작-완료)","workflow_seq":2,"workflow_name":"완료","template_version":"1","history_id":"ef8579076a8943538f7093b2f3d8e8fd","status":"doc_complete","editor_id":"dlwhsktm@gmail.com","outside_token":"","updated_date":1676528679932,"mass_job_request_id":"","comment":""}}
[INFO ] 2023-02-16 15:24:45.431 :                            log - (15.165.115.166) {"webhook_id":"8fa420db673544b8b473ab8638ae9a30","webhook_name":"Webhook Test","company_id":"4aad8fd516384656954e82f93de67a7b","event_type":"ready_document_pdf","ready_document_pdf":{"document_id":"d41645185c974c8eb91cf682c99633c7","document_title":"Manchester City Contract","workflow_seq":2,"workflow_name":"완료","template_id":"3feda0b567e543b983295b6feabaaff7","template_name":"문서작성(시작-완료)","template_version":"1","document_status":"doc_complete","document_history_id":"ef8579076a8943538f7093b2f3d8e8fd","export_ready_list":["document","audit_trail"],"mass_job_request_id":""}}
[INFO ] 2023-02-16 15:46:12.969 :     c.f.e.w.WebhookApplication - Starting WebhookApplication using Java 11.0.17 on DESKTOP-OD4ITP8 with PID 13860 (C:\Users\forcs\IdeaProjects\Project\out\production\classes started by forcs in C:\Users\forcs\IdeaProjects\Project)
[INFO ] 2023-02-16 15:46:12.984 :     c.f.e.w.WebhookApplication - No active profile set, falling back to 1 default profile: "default"
[INFO ] 2023-02-16 15:46:13.149 : o.s.b.d.e.DevToolsPropertyDefaultsPostProcessor - Devtools property defaults active! Set 'spring.devtools.add-properties' to 'false' to disable
[INFO ] 2023-02-16 15:46:13.150 : o.s.b.d.e.DevToolsPropertyDefaultsPostProcessor - For additional web related logging consider setting the 'logging.level.web' property to 'DEBUG'
[INFO ] 2023-02-16 15:46:16.738 :    o.s.b.w.e.t.TomcatWebServer - Tomcat initialized with port(s): 8080 (http)
[INFO ] 2023-02-16 15:46:16.783 :      o.a.c.h.Http11NioProtocol - Initializing ProtocolHandler ["http-nio-8080"]
[INFO ] 2023-02-16 15:46:16.784 :        o.a.c.c.StandardService - Starting service [Tomcat]
[INFO ] 2023-02-16 15:46:16.785 :         o.a.c.c.StandardEngine - Starting Servlet engine: [Apache Tomcat/9.0.70]
[INFO ] 2023-02-16 15:46:17.687 :             o.a.j.s.TldScanner - At least one JAR was scanned for TLDs yet contained no TLDs. Enable debug logging for this logger for a complete list of JARs that were scanned but no TLDs were found in them. Skipping unneeded JARs during scanning can improve startup time and JSP compilation time.
[INFO ] 2023-02-16 15:46:17.726 :              o.a.c.c.C.[.[.[/] - Initializing Spring embedded WebApplicationContext
[INFO ] 2023-02-16 15:46:17.730 : o.s.b.w.s.c.ServletWebServerApplicationContext - Root WebApplicationContext: initialization completed in 4577 ms
[INFO ] 2023-02-16 15:46:18.526 : o.s.b.a.w.s.WelcomePageHandlerMapping - Adding welcome page: class path resource [static/index.html]
[INFO ] 2023-02-16 15:46:18.976 : o.s.b.d.a.OptionalLiveReloadServer - LiveReload server is running on port 35729
[INFO ] 2023-02-16 15:46:19.010 :      o.a.c.h.Http11NioProtocol - Starting ProtocolHandler ["http-nio-8080"]
[INFO ] 2023-02-16 15:46:19.106 :    o.s.b.w.e.t.TomcatWebServer - Tomcat started on port(s): 8080 (http) with context path ''
[INFO ] 2023-02-16 15:46:19.139 :     c.f.e.w.WebhookApplication - Started WebhookApplication in 7.528 seconds (JVM running for 8.867)
[INFO ] 2023-02-16 15:47:54.658 :              o.a.c.c.C.[.[.[/] - Initializing Spring DispatcherServlet 'dispatcherServlet'
[INFO ] 2023-02-16 15:47:54.659 :      o.s.w.s.DispatcherServlet - Initializing Servlet 'dispatcherServlet'
[INFO ] 2023-02-16 15:47:54.662 :      o.s.w.s.DispatcherServlet - Completed initialization in 2 ms
[INFO ] 2023-02-16 15:57:18.507 :     c.f.e.w.WebhookApplication - Starting WebhookApplication using Java 11.0.17 on DESKTOP-OD4ITP8 with PID 13724 (C:\Users\forcs\IdeaProjects\Project\out\production\classes started by forcs in C:\Users\forcs\IdeaProjects\Project)
[INFO ] 2023-02-16 15:57:18.512 :     c.f.e.w.WebhookApplication - No active profile set, falling back to 1 default profile: "default"
[INFO ] 2023-02-16 15:57:18.972 : o.s.b.d.e.DevToolsPropertyDefaultsPostProcessor - Devtools property defaults active! Set 'spring.devtools.add-properties' to 'false' to disable
[INFO ] 2023-02-16 15:57:18.973 : o.s.b.d.e.DevToolsPropertyDefaultsPostProcessor - For additional web related logging consider setting the 'logging.level.web' property to 'DEBUG'
[INFO ] 2023-02-16 15:57:23.040 :    o.s.b.w.e.t.TomcatWebServer - Tomcat initialized with port(s): 8080 (http)
[INFO ] 2023-02-16 15:57:23.073 :      o.a.c.h.Http11NioProtocol - Initializing ProtocolHandler ["http-nio-8080"]
[INFO ] 2023-02-16 15:57:23.074 :        o.a.c.c.StandardService - Starting service [Tomcat]
[INFO ] 2023-02-16 15:57:23.075 :         o.a.c.c.StandardEngine - Starting Servlet engine: [Apache Tomcat/9.0.70]
[INFO ] 2023-02-16 15:57:23.891 :             o.a.j.s.TldScanner - At least one JAR was scanned for TLDs yet contained no TLDs. Enable debug logging for this logger for a complete list of JARs that were scanned but no TLDs were found in them. Skipping unneeded JARs during scanning can improve startup time and JSP compilation time.
[INFO ] 2023-02-16 15:57:23.930 :              o.a.c.c.C.[.[.[/] - Initializing Spring embedded WebApplicationContext
[INFO ] 2023-02-16 15:57:23.931 : o.s.b.w.s.c.ServletWebServerApplicationContext - Root WebApplicationContext: initialization completed in 4956 ms
[INFO ] 2023-02-16 15:57:24.584 : o.s.b.a.w.s.WelcomePageHandlerMapping - Adding welcome page: class path resource [static/index.html]
[INFO ] 2023-02-16 15:57:24.975 : o.s.b.d.a.OptionalLiveReloadServer - LiveReload server is running on port 35729
[INFO ] 2023-02-16 15:57:25.004 :      o.a.c.h.Http11NioProtocol - Starting ProtocolHandler ["http-nio-8080"]
[INFO ] 2023-02-16 15:57:25.084 :    o.s.b.w.e.t.TomcatWebServer - Tomcat started on port(s): 8080 (http) with context path ''
[INFO ] 2023-02-16 15:57:25.116 :     c.f.e.w.WebhookApplication - Started WebhookApplication in 8.473 seconds (JVM running for 10.096)
[INFO ] 2023-02-16 15:57:29.067 :              o.a.c.c.C.[.[.[/] - Initializing Spring DispatcherServlet 'dispatcherServlet'
[INFO ] 2023-02-16 15:57:29.069 :      o.s.w.s.DispatcherServlet - Initializing Servlet 'dispatcherServlet'
[INFO ] 2023-02-16 15:57:29.070 :      o.s.w.s.DispatcherServlet - Completed initialization in 1 ms
[INFO ] 2023-02-16 16:02:05.158 :     c.f.e.w.WebhookApplication - Starting WebhookApplication using Java 11.0.17 on DESKTOP-OD4ITP8 with PID 17100 (C:\Users\forcs\IdeaProjects\Project\out\production\classes started by forcs in C:\Users\forcs\IdeaProjects\Project)
[INFO ] 2023-02-16 16:02:05.170 :     c.f.e.w.WebhookApplication - No active profile set, falling back to 1 default profile: "default"
[INFO ] 2023-02-16 16:02:05.489 : o.s.b.d.e.DevToolsPropertyDefaultsPostProcessor - Devtools property defaults active! Set 'spring.devtools.add-properties' to 'false' to disable
[INFO ] 2023-02-16 16:02:05.489 : o.s.b.d.e.DevToolsPropertyDefaultsPostProcessor - For additional web related logging consider setting the 'logging.level.web' property to 'DEBUG'
[INFO ] 2023-02-16 16:02:10.285 :    o.s.b.w.e.t.TomcatWebServer - Tomcat initialized with port(s): 8080 (http)
[INFO ] 2023-02-16 16:02:10.325 :      o.a.c.h.Http11NioProtocol - Initializing ProtocolHandler ["http-nio-8080"]
[INFO ] 2023-02-16 16:02:10.326 :        o.a.c.c.StandardService - Starting service [Tomcat]
[INFO ] 2023-02-16 16:02:10.329 :         o.a.c.c.StandardEngine - Starting Servlet engine: [Apache Tomcat/9.0.70]
[INFO ] 2023-02-16 16:02:11.559 :             o.a.j.s.TldScanner - At least one JAR was scanned for TLDs yet contained no TLDs. Enable debug logging for this logger for a complete list of JARs that were scanned but no TLDs were found in them. Skipping unneeded JARs during scanning can improve startup time and JSP compilation time.
[INFO ] 2023-02-16 16:02:11.642 :              o.a.c.c.C.[.[.[/] - Initializing Spring embedded WebApplicationContext
[INFO ] 2023-02-16 16:02:11.643 : o.s.b.w.s.c.ServletWebServerApplicationContext - Root WebApplicationContext: initialization completed in 6153 ms
[INFO ] 2023-02-16 16:02:12.938 : o.s.b.a.w.s.WelcomePageHandlerMapping - Adding welcome page: class path resource [static/index.html]
[INFO ] 2023-02-16 16:02:14.120 : o.s.b.d.a.OptionalLiveReloadServer - LiveReload server is running on port 35729
[INFO ] 2023-02-16 16:02:14.174 :      o.a.c.h.Http11NioProtocol - Starting ProtocolHandler ["http-nio-8080"]
[INFO ] 2023-02-16 16:02:14.302 :    o.s.b.w.e.t.TomcatWebServer - Tomcat started on port(s): 8080 (http) with context path ''
[INFO ] 2023-02-16 16:02:14.352 :     c.f.e.w.WebhookApplication - Started WebhookApplication in 11.486 seconds (JVM running for 13.58)
[INFO ] 2023-02-16 16:02:20.019 :              o.a.c.c.C.[.[.[/] - Initializing Spring DispatcherServlet 'dispatcherServlet'
[INFO ] 2023-02-16 16:02:20.020 :      o.s.w.s.DispatcherServlet - Initializing Servlet 'dispatcherServlet'
[INFO ] 2023-02-16 16:02:20.022 :      o.s.w.s.DispatcherServlet - Completed initialization in 1 ms
[INFO ] 2023-02-16 16:04:08.582 :     c.f.e.w.WebhookApplication - Starting WebhookApplication using Java 11.0.17 on DESKTOP-OD4ITP8 with PID 15296 (C:\Users\forcs\IdeaProjects\Project\out\production\classes started by forcs in C:\Users\forcs\IdeaProjects\Project)
[INFO ] 2023-02-16 16:04:08.586 :     c.f.e.w.WebhookApplication - No active profile set, falling back to 1 default profile: "default"
[INFO ] 2023-02-16 16:04:08.742 : o.s.b.d.e.DevToolsPropertyDefaultsPostProcessor - Devtools property defaults active! Set 'spring.devtools.add-properties' to 'false' to disable
[INFO ] 2023-02-16 16:04:08.743 : o.s.b.d.e.DevToolsPropertyDefaultsPostProcessor - For additional web related logging consider setting the 'logging.level.web' property to 'DEBUG'
[INFO ] 2023-02-16 16:04:12.087 :    o.s.b.w.e.t.TomcatWebServer - Tomcat initialized with port(s): 8080 (http)
[INFO ] 2023-02-16 16:04:12.119 :      o.a.c.h.Http11NioProtocol - Initializing ProtocolHandler ["http-nio-8080"]
[INFO ] 2023-02-16 16:04:12.120 :        o.a.c.c.StandardService - Starting service [Tomcat]
[INFO ] 2023-02-16 16:04:12.121 :         o.a.c.c.StandardEngine - Starting Servlet engine: [Apache Tomcat/9.0.70]
[INFO ] 2023-02-16 16:04:12.796 :             o.a.j.s.TldScanner - At least one JAR was scanned for TLDs yet contained no TLDs. Enable debug logging for this logger for a complete list of JARs that were scanned but no TLDs were found in them. Skipping unneeded JARs during scanning can improve startup time and JSP compilation time.
[INFO ] 2023-02-16 16:04:12.828 :              o.a.c.c.C.[.[.[/] - Initializing Spring embedded WebApplicationContext
[INFO ] 2023-02-16 16:04:12.828 : o.s.b.w.s.c.ServletWebServerApplicationContext - Root WebApplicationContext: initialization completed in 4084 ms
[INFO ] 2023-02-16 16:04:13.507 : o.s.b.a.w.s.WelcomePageHandlerMapping - Adding welcome page: class path resource [static/index.html]
[INFO ] 2023-02-16 16:04:13.919 : o.s.b.d.a.OptionalLiveReloadServer - LiveReload server is running on port 35729
[INFO ] 2023-02-16 16:04:13.951 :      o.a.c.h.Http11NioProtocol - Starting ProtocolHandler ["http-nio-8080"]
[INFO ] 2023-02-16 16:04:14.025 :    o.s.b.w.e.t.TomcatWebServer - Tomcat started on port(s): 8080 (http) with context path ''
[INFO ] 2023-02-16 16:04:14.052 :     c.f.e.w.WebhookApplication - Started WebhookApplication in 6.878 seconds (JVM running for 8.202)
[INFO ] 2023-02-16 16:06:00.418 :              o.a.c.c.C.[.[.[/] - Initializing Spring DispatcherServlet 'dispatcherServlet'
[INFO ] 2023-02-16 16:06:00.420 :      o.s.w.s.DispatcherServlet - Initializing Servlet 'dispatcherServlet'
[INFO ] 2023-02-16 16:06:00.422 :      o.s.w.s.DispatcherServlet - Completed initialization in 2 ms
[INFO ] 2023-02-16 16:09:21.170 :     c.f.e.w.WebhookApplication - Starting WebhookApplication using Java 11.0.17 on DESKTOP-OD4ITP8 with PID 8748 (C:\Users\forcs\IdeaProjects\Project\out\production\classes started by forcs in C:\Users\forcs\IdeaProjects\Project)
[INFO ] 2023-02-16 16:09:21.173 :     c.f.e.w.WebhookApplication - No active profile set, falling back to 1 default profile: "default"
[INFO ] 2023-02-16 16:09:21.365 : o.s.b.d.e.DevToolsPropertyDefaultsPostProcessor - Devtools property defaults active! Set 'spring.devtools.add-properties' to 'false' to disable
[INFO ] 2023-02-16 16:09:21.365 : o.s.b.d.e.DevToolsPropertyDefaultsPostProcessor - For additional web related logging consider setting the 'logging.level.web' property to 'DEBUG'
[INFO ] 2023-02-16 16:09:25.040 :    o.s.b.w.e.t.TomcatWebServer - Tomcat initialized with port(s): 8080 (http)
[INFO ] 2023-02-16 16:09:25.109 :      o.a.c.h.Http11NioProtocol - Initializing ProtocolHandler ["http-nio-8080"]
[INFO ] 2023-02-16 16:09:25.111 :        o.a.c.c.StandardService - Starting service [Tomcat]
[INFO ] 2023-02-16 16:09:25.112 :         o.a.c.c.StandardEngine - Starting Servlet engine: [Apache Tomcat/9.0.70]
[INFO ] 2023-02-16 16:09:25.832 :             o.a.j.s.TldScanner - At least one JAR was scanned for TLDs yet contained no TLDs. Enable debug logging for this logger for a complete list of JARs that were scanned but no TLDs were found in them. Skipping unneeded JARs during scanning can improve startup time and JSP compilation time.
[INFO ] 2023-02-16 16:09:25.867 :              o.a.c.c.C.[.[.[/] - Initializing Spring embedded WebApplicationContext
[INFO ] 2023-02-16 16:09:25.868 : o.s.b.w.s.c.ServletWebServerApplicationContext - Root WebApplicationContext: initialization completed in 4500 ms
[INFO ] 2023-02-16 16:09:26.755 : o.s.b.a.w.s.WelcomePageHandlerMapping - Adding welcome page: class path resource [static/index.html]
[INFO ] 2023-02-16 16:09:27.214 : o.s.b.d.a.OptionalLiveReloadServer - LiveReload server is running on port 35729
[INFO ] 2023-02-16 16:09:27.245 :      o.a.c.h.Http11NioProtocol - Starting ProtocolHandler ["http-nio-8080"]
[INFO ] 2023-02-16 16:09:27.320 :    o.s.b.w.e.t.TomcatWebServer - Tomcat started on port(s): 8080 (http) with context path ''
[INFO ] 2023-02-16 16:09:27.351 :     c.f.e.w.WebhookApplication - Started WebhookApplication in 7.714 seconds (JVM running for 9.17)
[INFO ] 2023-02-16 16:09:36.231 :              o.a.c.c.C.[.[.[/] - Initializing Spring DispatcherServlet 'dispatcherServlet'
[INFO ] 2023-02-16 16:09:36.232 :      o.s.w.s.DispatcherServlet - Initializing Servlet 'dispatcherServlet'
[INFO ] 2023-02-16 16:09:36.234 :      o.s.w.s.DispatcherServlet - Completed initialization in 1 ms
[INFO ] 2023-02-16 16:10:37.428 :     c.f.e.w.WebhookApplication - Starting WebhookApplication using Java 11.0.17 on DESKTOP-OD4ITP8 with PID 15000 (C:\Users\forcs\IdeaProjects\Project\out\production\classes started by forcs in C:\Users\forcs\IdeaProjects\Project)
[INFO ] 2023-02-16 16:10:37.433 :     c.f.e.w.WebhookApplication - No active profile set, falling back to 1 default profile: "default"
[INFO ] 2023-02-16 16:10:37.628 : o.s.b.d.e.DevToolsPropertyDefaultsPostProcessor - Devtools property defaults active! Set 'spring.devtools.add-properties' to 'false' to disable
[INFO ] 2023-02-16 16:10:37.630 : o.s.b.d.e.DevToolsPropertyDefaultsPostProcessor - For additional web related logging consider setting the 'logging.level.web' property to 'DEBUG'
[INFO ] 2023-02-16 16:10:40.855 :    o.s.b.w.e.t.TomcatWebServer - Tomcat initialized with port(s): 8080 (http)
[INFO ] 2023-02-16 16:10:40.885 :      o.a.c.h.Http11NioProtocol - Initializing ProtocolHandler ["http-nio-8080"]
[INFO ] 2023-02-16 16:10:40.886 :        o.a.c.c.StandardService - Starting service [Tomcat]
[INFO ] 2023-02-16 16:10:40.887 :         o.a.c.c.StandardEngine - Starting Servlet engine: [Apache Tomcat/9.0.70]
[INFO ] 2023-02-16 16:10:41.489 :             o.a.j.s.TldScanner - At least one JAR was scanned for TLDs yet contained no TLDs. Enable debug logging for this logger for a complete list of JARs that were scanned but no TLDs were found in them. Skipping unneeded JARs during scanning can improve startup time and JSP compilation time.
[INFO ] 2023-02-16 16:10:41.523 :              o.a.c.c.C.[.[.[/] - Initializing Spring embedded WebApplicationContext
[INFO ] 2023-02-16 16:10:41.523 : o.s.b.w.s.c.ServletWebServerApplicationContext - Root WebApplicationContext: initialization completed in 3892 ms
[INFO ] 2023-02-16 16:10:42.254 : o.s.b.a.w.s.WelcomePageHandlerMapping - Adding welcome page: class path resource [static/index.html]
[INFO ] 2023-02-16 16:10:42.598 : o.s.b.d.a.OptionalLiveReloadServer - LiveReload server is running on port 35729
[INFO ] 2023-02-16 16:10:42.625 :      o.a.c.h.Http11NioProtocol - Starting ProtocolHandler ["http-nio-8080"]
[INFO ] 2023-02-16 16:10:42.694 :    o.s.b.w.e.t.TomcatWebServer - Tomcat started on port(s): 8080 (http) with context path ''
[INFO ] 2023-02-16 16:10:42.721 :     c.f.e.w.WebhookApplication - Started WebhookApplication in 6.793 seconds (JVM running for 8.99)
[INFO ] 2023-02-16 16:10:48.281 :              o.a.c.c.C.[.[.[/] - Initializing Spring DispatcherServlet 'dispatcherServlet'
[INFO ] 2023-02-16 16:10:48.282 :      o.s.w.s.DispatcherServlet - Initializing Servlet 'dispatcherServlet'
[INFO ] 2023-02-16 16:10:48.284 :      o.s.w.s.DispatcherServlet - Completed initialization in 1 ms
[INFO ] 2023-02-16 16:21:04.656 :     c.f.e.w.WebhookApplication - Starting WebhookApplication using Java 11.0.17 on DESKTOP-OD4ITP8 with PID 13224 (C:\Users\forcs\IdeaProjects\Project\out\production\classes started by forcs in C:\Users\forcs\IdeaProjects\Project)
[INFO ] 2023-02-16 16:21:04.659 :     c.f.e.w.WebhookApplication - No active profile set, falling back to 1 default profile: "default"
[INFO ] 2023-02-16 16:21:04.800 : o.s.b.d.e.DevToolsPropertyDefaultsPostProcessor - Devtools property defaults active! Set 'spring.devtools.add-properties' to 'false' to disable
[INFO ] 2023-02-16 16:21:04.801 : o.s.b.d.e.DevToolsPropertyDefaultsPostProcessor - For additional web related logging consider setting the 'logging.level.web' property to 'DEBUG'
[INFO ] 2023-02-16 16:21:07.870 :    o.s.b.w.e.t.TomcatWebServer - Tomcat initialized with port(s): 8080 (http)
[INFO ] 2023-02-16 16:21:07.906 :      o.a.c.h.Http11NioProtocol - Initializing ProtocolHandler ["http-nio-8080"]
[INFO ] 2023-02-16 16:21:07.907 :        o.a.c.c.StandardService - Starting service [Tomcat]
[INFO ] 2023-02-16 16:21:07.908 :         o.a.c.c.StandardEngine - Starting Servlet engine: [Apache Tomcat/9.0.70]
[INFO ] 2023-02-16 16:21:08.653 :             o.a.j.s.TldScanner - At least one JAR was scanned for TLDs yet contained no TLDs. Enable debug logging for this logger for a complete list of JARs that were scanned but no TLDs were found in them. Skipping unneeded JARs during scanning can improve startup time and JSP compilation time.
[INFO ] 2023-02-16 16:21:08.685 :              o.a.c.c.C.[.[.[/] - Initializing Spring embedded WebApplicationContext
[INFO ] 2023-02-16 16:21:08.686 : o.s.b.w.s.c.ServletWebServerApplicationContext - Root WebApplicationContext: initialization completed in 3884 ms
[INFO ] 2023-02-16 16:21:09.669 : o.s.b.a.w.s.WelcomePageHandlerMapping - Adding welcome page: class path resource [static/index.html]
[INFO ] 2023-02-16 16:21:10.155 : o.s.b.d.a.OptionalLiveReloadServer - LiveReload server is running on port 35729
[INFO ] 2023-02-16 16:21:10.243 :      o.a.c.h.Http11NioProtocol - Starting ProtocolHandler ["http-nio-8080"]
[INFO ] 2023-02-16 16:21:10.329 :    o.s.b.w.e.t.TomcatWebServer - Tomcat started on port(s): 8080 (http) with context path ''
[INFO ] 2023-02-16 16:21:10.358 :     c.f.e.w.WebhookApplication - Started WebhookApplication in 7.064 seconds (JVM running for 8.292)
[INFO ] 2023-02-16 16:21:12.772 :              o.a.c.c.C.[.[.[/] - Initializing Spring DispatcherServlet 'dispatcherServlet'
[INFO ] 2023-02-16 16:21:12.773 :      o.s.w.s.DispatcherServlet - Initializing Servlet 'dispatcherServlet'
[INFO ] 2023-02-16 16:21:12.775 :      o.s.w.s.DispatcherServlet - Completed initialization in 1 ms
[INFO ] 2023-02-16 16:29:06.571 :     c.f.e.w.WebhookApplication - Starting WebhookApplication using Java 11.0.17 on DESKTOP-OD4ITP8 with PID 16988 (C:\Users\forcs\IdeaProjects\Project\out\production\classes started by forcs in C:\Users\forcs\IdeaProjects\Project)
[INFO ] 2023-02-16 16:29:06.579 :     c.f.e.w.WebhookApplication - No active profile set, falling back to 1 default profile: "default"
[INFO ] 2023-02-16 16:29:06.750 : o.s.b.d.e.DevToolsPropertyDefaultsPostProcessor - Devtools property defaults active! Set 'spring.devtools.add-properties' to 'false' to disable
[INFO ] 2023-02-16 16:29:06.751 : o.s.b.d.e.DevToolsPropertyDefaultsPostProcessor - For additional web related logging consider setting the 'logging.level.web' property to 'DEBUG'
[INFO ] 2023-02-16 16:29:09.918 :    o.s.b.w.e.t.TomcatWebServer - Tomcat initialized with port(s): 8080 (http)
[INFO ] 2023-02-16 16:29:09.949 :      o.a.c.h.Http11NioProtocol - Initializing ProtocolHandler ["http-nio-8080"]
[INFO ] 2023-02-16 16:29:09.951 :        o.a.c.c.StandardService - Starting service [Tomcat]
[INFO ] 2023-02-16 16:29:09.951 :         o.a.c.c.StandardEngine - Starting Servlet engine: [Apache Tomcat/9.0.70]
[INFO ] 2023-02-16 16:29:10.614 :             o.a.j.s.TldScanner - At least one JAR was scanned for TLDs yet contained no TLDs. Enable debug logging for this logger for a complete list of JARs that were scanned but no TLDs were found in them. Skipping unneeded JARs during scanning can improve startup time and JSP compilation time.
[INFO ] 2023-02-16 16:29:10.647 :              o.a.c.c.C.[.[.[/] - Initializing Spring embedded WebApplicationContext
[INFO ] 2023-02-16 16:29:10.647 : o.s.b.w.s.c.ServletWebServerApplicationContext - Root WebApplicationContext: initialization completed in 3894 ms
[INFO ] 2023-02-16 16:29:11.275 : o.s.b.a.w.s.WelcomePageHandlerMapping - Adding welcome page: class path resource [static/index.html]
[INFO ] 2023-02-16 16:29:11.675 : o.s.b.d.a.OptionalLiveReloadServer - LiveReload server is running on port 35729
[INFO ] 2023-02-16 16:29:11.703 :      o.a.c.h.Http11NioProtocol - Starting ProtocolHandler ["http-nio-8080"]
[INFO ] 2023-02-16 16:29:11.769 :    o.s.b.w.e.t.TomcatWebServer - Tomcat started on port(s): 8080 (http) with context path ''
[INFO ] 2023-02-16 16:29:11.795 :     c.f.e.w.WebhookApplication - Started WebhookApplication in 6.572 seconds (JVM running for 7.845)
[INFO ] 2023-02-16 16:29:20.535 :              o.a.c.c.C.[.[.[/] - Initializing Spring DispatcherServlet 'dispatcherServlet'
[INFO ] 2023-02-16 16:29:20.539 :      o.s.w.s.DispatcherServlet - Initializing Servlet 'dispatcherServlet'
[INFO ] 2023-02-16 16:29:20.542 :      o.s.w.s.DispatcherServlet - Completed initialization in 2 ms
[WARN ] 2023-02-16 17:01:57.998 : o.a.c.u.SessionIdGeneratorBase - Creation of SecureRandom instance for session ID generation using [SHA1PRNG] took [211] milliseconds.
[INFO ] 2023-02-16 17:04:19.183 :     c.f.e.w.WebhookApplication - Starting WebhookApplication using Java 11.0.17 on DESKTOP-OD4ITP8 with PID 6580 (C:\Users\forcs\IdeaProjects\Project\out\production\classes started by forcs in C:\Users\forcs\IdeaProjects\Project)
[INFO ] 2023-02-16 17:04:19.187 :     c.f.e.w.WebhookApplication - No active profile set, falling back to 1 default profile: "default"
[INFO ] 2023-02-16 17:04:19.453 : o.s.b.d.e.DevToolsPropertyDefaultsPostProcessor - Devtools property defaults active! Set 'spring.devtools.add-properties' to 'false' to disable
[INFO ] 2023-02-16 17:04:19.454 : o.s.b.d.e.DevToolsPropertyDefaultsPostProcessor - For additional web related logging consider setting the 'logging.level.web' property to 'DEBUG'
[INFO ] 2023-02-16 17:04:23.158 :    o.s.b.w.e.t.TomcatWebServer - Tomcat initialized with port(s): 8080 (http)
[INFO ] 2023-02-16 17:04:23.189 :      o.a.c.h.Http11NioProtocol - Initializing ProtocolHandler ["http-nio-8080"]
[INFO ] 2023-02-16 17:04:23.191 :        o.a.c.c.StandardService - Starting service [Tomcat]
[INFO ] 2023-02-16 17:04:23.191 :         o.a.c.c.StandardEngine - Starting Servlet engine: [Apache Tomcat/9.0.70]
[INFO ] 2023-02-16 17:04:24.192 :             o.a.j.s.TldScanner - At least one JAR was scanned for TLDs yet contained no TLDs. Enable debug logging for this logger for a complete list of JARs that were scanned but no TLDs were found in them. Skipping unneeded JARs during scanning can improve startup time and JSP compilation time.
[INFO ] 2023-02-16 17:04:24.256 :              o.a.c.c.C.[.[.[/] - Initializing Spring embedded WebApplicationContext
[INFO ] 2023-02-16 17:04:24.265 : o.s.b.w.s.c.ServletWebServerApplicationContext - Root WebApplicationContext: initialization completed in 4809 ms
[INFO ] 2023-02-16 17:04:25.078 : o.s.b.a.w.s.WelcomePageHandlerMapping - Adding welcome page: class path resource [static/index.html]
[INFO ] 2023-02-16 17:04:25.458 : o.s.b.d.a.OptionalLiveReloadServer - LiveReload server is running on port 35729
[INFO ] 2023-02-16 17:04:25.484 :      o.a.c.h.Http11NioProtocol - Starting ProtocolHandler ["http-nio-8080"]
[INFO ] 2023-02-16 17:04:25.575 :    o.s.b.w.e.t.TomcatWebServer - Tomcat started on port(s): 8080 (http) with context path ''
[INFO ] 2023-02-16 17:04:25.613 :     c.f.e.w.WebhookApplication - Started WebhookApplication in 8.023 seconds (JVM running for 9.382)
[INFO ] 2023-02-16 17:04:25.764 :              o.a.c.c.C.[.[.[/] - Initializing Spring DispatcherServlet 'dispatcherServlet'
[INFO ] 2023-02-16 17:04:25.766 :      o.s.w.s.DispatcherServlet - Initializing Servlet 'dispatcherServlet'
[INFO ] 2023-02-16 17:04:25.768 :      o.s.w.s.DispatcherServlet - Completed initialization in 2 ms
